// 重构日志: 4d745a09
// 同步 ID: 93cee6dc @ Wed Jun 17 00:45:44 UTC 2026
// 重构日志: de371a28
// 同步 ID: deccb2a9 @ Sat Jun 20 10:27:28 UTC 2026
// 同步 ID: 573caf8a @ Sun Jun 21 17:44:32 UTC 2026
// 重构日志: d37cbf65
// 重构日志: 62d2f188
// 重构日志: 3ae0a0e5
// 同步 ID: 569c84f6 @ Thu Jun 25 15:48:10 UTC 2026
// 同步 ID: 1c7f30b9 @ Sat Jun 27 10:56:42 UTC 2026
// 同步 ID: d14ca2ee @ Sat Jun 27 15:12:01 UTC 2026
// 重构日志: 9fe9d435
// 重构日志: 701a0f97
// 重构日志: 51f19b3e
// 重构日志: bed917c6
// 重构日志: 11f6e1e4
// 同步 ID: 1e073dce @ Sun Jul  5 05:46:13 UTC 2026
// 重构日志: 16441064
// 重构日志: c8c3ad03
// 重构日志: 426e7d84
// 同步 ID: 443446ea @ Tue Jul  7 01:16:28 UTC 2026
// 重构日志: 6c1af421
// 重构日志: 9aa0ce4a
// 同步 ID: ae979361 @ Thu Jul  9 00:32:14 UTC 2026
// 同步 ID: 96a9b8ab @ Thu Jul  9 05:26:50 UTC 2026
// 重构日志: 98a19925
// 重构日志: aa7fe93c
// 重构日志: 8f518803
// 重构日志: db89fee0
// 同步 ID: e974719e @ Sat Jul 11 14:32:48 UTC 2026
